[debug] [2023-09-08T18:14:31.141Z] ----------------------------------------------------------------------
[debug] [2023-09-08T18:14:31.145Z] Command:       C:\Program Files\nodejs\node.exe C:\Users\dillb\AppData\Roaming\npm\node_modules\firebase-tools\lib\bin\firebase.js init hosting:github
[debug] [2023-09-08T18:14:31.146Z] CLI Version:   12.5.2
[debug] [2023-09-08T18:14:31.146Z] Platform:      win32
[debug] [2023-09-08T18:14:31.147Z] Node Version:  v18.16.1
[debug] [2023-09-08T18:14:31.148Z] Time:          Fri Sep 08 2023 14:14:31 GMT-0400 (Eastern Daylight Time)
[debug] [2023-09-08T18:14:31.148Z] ----------------------------------------------------------------------
[debug] 
[debug] [2023-09-08T18:14:31.251Z] > command requires scopes: ["email","openid","https://www.googleapis.com/auth/cloudplatformprojects.readonly","https://www.googleapis.com/auth/firebase","https://www.googleapis.com/auth/cloud-platform"]
[debug] [2023-09-08T18:14:31.251Z] > authorizing via signed-in user (ryanryanhall@gmail.com)
[info] 
     ######## #### ########  ######## ########     ###     ######  ########
     ##        ##  ##     ## ##       ##     ##  ##   ##  ##       ##
     ######    ##  ########  ######   ########  #########  ######  ######
     ##        ##  ##    ##  ##       ##     ## ##     ##       ## ##
     ##       #### ##     ## ######## ########  ##     ##  ######  ########

You're about to initialize a Firebase project in this directory:

  C:\Users\dillb\Desktop\personal\unit9\shoutouts\frontend

Before we get started, keep in mind:

  * You are initializing within an existing Firebase project directory

[info] 
=== Project Setup
[info] 
[info] First, let's associate this project directory with a Firebase project.
[info] You can create multiple project aliases by running firebase use --add, 
[info] but for now we'll just set up a default project.
[info] 
[debug] [2023-09-08T18:14:37.916Z] Using project from CLI flag: shoutouts-c92e8
[debug] [2023-09-08T18:14:37.918Z] > refreshing access token with scopes: []
[debug] [2023-09-08T18:14:37.921Z] >>> [apiv2][query] POST https://www.googleapis.com/oauth2/v3/token [none]
[debug] [2023-09-08T18:14:37.922Z] >>> [apiv2][body] POST https://www.googleapis.com/oauth2/v3/token [omitted]
[debug] [2023-09-08T18:14:38.234Z] <<< [apiv2][status] POST https://www.googleapis.com/oauth2/v3/token 200
[debug] [2023-09-08T18:14:38.234Z] <<< [apiv2][body] POST https://www.googleapis.com/oauth2/v3/token [omitted]
[debug] [2023-09-08T18:14:38.247Z] >>> [apiv2][query] GET https://firebase.googleapis.com/v1beta1/projects/shoutouts-c92e8 [none]
[debug] [2023-09-08T18:14:38.592Z] <<< [apiv2][status] GET https://firebase.googleapis.com/v1beta1/projects/shoutouts-c92e8 200
[debug] [2023-09-08T18:14:38.592Z] <<< [apiv2][body] GET https://firebase.googleapis.com/v1beta1/projects/shoutouts-c92e8 {"projectId":"shoutouts-c92e8","projectNumber":"780272924847","displayName":"shoutouts","name":"projects/shoutouts-c92e8","resources":{"hostingSite":"shoutouts-c92e8"},"state":"ACTIVE","etag":"1_a67a6def-1f61-4dfe-a6e3-ee58f78fbfa0"}
[info] i  Using project shoutouts-c92e8 (shoutouts) 
[info] 
=== Hosting:github Setup
[info] 
[info] i  Detected a .git folder at C:\Users\dillb\Desktop\personal\unit9\shoutouts\frontend 
[info] i  Authorizing with GitHub to upload your service account to a GitHub repository's secrets store. 
[info] 
[info] Visit this URL on this device to log in:
[info] https://github.com/login/oauth/authorize?client_id=89cf50f02ac6aaed3484&state=357250772&redirect_uri=http%3A%2F%2Flocalhost%3A9005&scope=read%3Auser%20repo%20public_repo
[info] 
[info] Waiting for authentication...
[debug] [2023-09-08T18:15:21.056Z] >>> [apiv2][query] POST https://github.com/login/oauth/access_token [none]
[debug] [2023-09-08T18:15:21.056Z] >>> [apiv2][body] POST https://github.com/login/oauth/access_token [stream]
[debug] [2023-09-08T18:15:21.390Z] <<< [apiv2][status] POST https://github.com/login/oauth/access_token 200
[debug] [2023-09-08T18:15:21.390Z] <<< [apiv2][body] POST https://github.com/login/oauth/access_token {"access_token":"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","token_type":"bearer","scope":"read:user,repo"}
[debug] [2023-09-08T18:15:21.397Z] >>> [apiv2][query] GET https://api.github.com/user [none]
[debug] [2023-09-08T18:15:21.773Z] <<< [apiv2][status] GET https://api.github.com/user 200
[debug] [2023-09-08T18:15:21.773Z] <<< [apiv2][body] GET https://api.github.com/user {"login":"dbcc0de","id":125756539,"node_id":"U_kgDOB37kew","avatar_url":"https://avatars.githubusercontent.com/u/125756539?v=4","gravatar_id":"","url":"https://api.github.com/users/dbcc0de","html_url":"https://github.com/dbcc0de","followers_url":"https://api.github.com/users/dbcc0de/followers","following_url":"https://api.github.com/users/dbcc0de/following{/other_user}","gists_url":"https://api.github.com/users/dbcc0de/gists{/gist_id}","starred_url":"https://api.github.com/users/dbcc0de/starred{/owner}{/repo}","subscriptions_url":"https://api.github.com/users/dbcc0de/subscriptions","organizations_url":"https://api.github.com/users/dbcc0de/orgs","repos_url":"https://api.github.com/users/dbcc0de/repos","events_url":"https://api.github.com/users/dbcc0de/events{/privacy}","received_events_url":"https://api.github.com/users/dbcc0de/received_events","type":"User","site_admin":false,"name":"Ryan Hall","company":null,"blog":"","location":null,"email":null,"hireable":null,"bio":null,"twitter_username":null,"public_repos":24,"public_gists":0,"followers":0,"following":0,"created_at":"2023-02-18T16:45:23Z","updated_at":"2023-08-14T23:14:43Z","private_gists":0,"total_private_repos":3,"owned_private_repos":3,"disk_usage":148008,"collaborators":0,"two_factor_authentication":false,"plan":{"name":"free","space":976562499,"collaborators":0,"private_repos":10000}}
[info] 
[info] +  Success! Logged into GitHub as dbcc0de 
[info] 
